<?xml version='1.0' encoding='UTF-8'?>
<testsuite hostname="60XRNH2" name="SumOfMultiplesTest" tests="13" errors="0" failures="1" skipped="12" time="0.017" timestamp="2018-11-15T15:49:17">
                     <properties>
      <property name="awt.toolkit" value="sun.awt.windows.WToolkit"/><property name="java.specification.version" value="11"/><property name="sun.cpu.isalist" value="amd64"/><property name="sun.jnu.encoding" value="Cp1252"/><property name="sbt.log.format" value="true"/><property name="sun.arch.data.model" value="64"/><property name="java.vendor.url" value="http://java.oracle.com/"/><property name="user.country.format" value="DK"/><property name="sun.boot.library.path" value="C:\Program Files\Java\jdk-11.0.1\bin"/><property name="sun.java.command" value="xsbt.boot.Boot test"/><property name="jdk.debug" value="release"/><property name="sun.stderr.encoding" value="cp437"/><property name="java.specification.vendor" value="Oracle Corporation"/><property name="java.version.date" value="2018-10-16"/><property name="java.home" value="C:\Program Files\Java\jdk-11.0.1"/><property name="file.separator" value="\"/><property name="java.vm.compressedOopsMode" value="32-bit"/><property name="line.separator" value="
"/><property name="sun.stdout.encoding" value="cp437"/><property name="java.specification.name" value="Java Platform API Specification"/><property name="java.vm.specification.vendor" value="Oracle Corporation"/><property name="user.script" value=""/><property name="sun.management.compiler" value="HotSpot 64-Bit Tiered Compilers"/><property name="java.runtime.version" value="11.0.1+13-LTS"/><property name="user.name" value="ajh"/><property name="file.encoding" value="Cp1252"/><property name="jnidispatch.path" value="C:\Users\ajh\AppData\Local\Temp\jna-96607\jna10918263884615449022.dll"/><property name="java.vendor.version" value="18.9"/><property name="jna.loaded" value="true"/><property name="java.io.tmpdir" value="C:\Users\ajh\AppData\Local\Temp\"/><property name="java.version" value="11.0.1"/><property name="java.vm.specification.name" value="Java Virtual Machine Specification"/><property name="java.awt.printerjob" value="sun.awt.windows.WPrinterJob"/><property name="sun.os.patch.level" value=""/><property name="java.library.path" value="C:\Program Files\Java\jdk-11.0.1\bin;C:\WINDOWS\Sun\Java\bin;C:\WINDOWS\system32;C:\WINDOWS;C:\Program Files\Microsoft MPI\Bin\;C:\WINDOWS\system32;C:\WINDOWS;C:\WINDOWS\System32\Wbem;C:\WINDOWS\System32\WindowsPowerShell\v1.0\;C:\Program Files\Microsoft SQL Server\130\Tools\Binn\;C:\Program Files\dotnet\;C:\ProgramData\chocolatey\bin;C:\Program Files\Microsoft SQL Server\Client SDK\ODBC\130\Tools\Binn\;C:\Program Files (x86)\Microsoft SQL Server\140\Tools\Binn\;C:\Program Files\Microsoft SQL Server\140\Tools\Binn\;C:\Program Files\Microsoft SQL Server\140\DTS\Binn\;C:\Program Files (x86)\Microsoft SQL Server\Client SDK\ODBC\130\Tools\Binn\;C:\Program Files (x86)\Microsoft SQL Server\140\DTS\Binn\;C:\Program Files (x86)\Microsoft SQL Server\140\Tools\Binn\ManagementStudio\;C:\Program Files\nodejs\;C:\Program Files\Git\cmd;C:\Program Files\Microsoft VS Code\bin;C:\Program Files\Java\jdk-11.0.1\bin;C:\Program Files (x86)\sbt\bin;%USERPROFILE%\AppData\Local\Microsoft\WindowsApps;C:\Users\ajh\AppData\Roaming\npm;C:\Program Files\Microsoft VS Code\bin;C:\Program Files (x86)\Microsoft SDKs\F#\10.1\Framework\v4.0;C:\Exercism;C:\Users\ajh\.dotnet\tools;."/><property name="java.vendor" value="Oracle Corporation"/><property name="scala.ext.dirs" value="C:\Users\ajh\.sbt\0.13\java9-rt-ext-oracle_corporation_11_0_1"/><property name="sun.io.unicode.encoding" value="UnicodeLittle"/><property name="sun.desktop" value="windows"/><property name="java.class.path" value="C:\Program Files (x86)\sbt\bin\sbt-launch.jar"/><property name="java.vm.vendor" value="Oracle Corporation"/><property name="user.variant" value=""/><property name="jline.shutdownhook" value="false"/><property name="user.timezone" value="Europe/Paris"/><property name="os.name" value="Windows 10"/><property name="java.vm.specification.version" value="11"/><property name="sun.java.launcher" value="SUN_STANDARD"/><property name="user.country" value="US"/><property name="sun.cpu.endian" value="little"/><property name="user.home" value="C:\Users\ajh"/><property name="user.language" value="en"/><property name="java.awt.graphicsenv" value="sun.awt.Win32GraphicsEnvironment"/><property name="jline.esc.timeout" value="0"/><property name="path.separator" value=";"/><property name="os.version" value="10.0"/><property name="jna.nosys" value="true"/><property name="java.runtime.name" value="Java(TM) SE Runtime Environment"/><property name="java.vm.name" value="Java HotSpot(TM) 64-Bit Server VM"/><property name="java.vendor.url.bug" value="http://bugreport.java.com/bugreport/"/><property name="user.dir" value="C:\code\excerism\exercism\scala\sum-of-multiples"/><property name="os.arch" value="amd64"/><property name="user.language.format" value="da"/><property name="java.vm.info" value="mixed mode"/><property name="java.vm.version" value="11.0.1+13-LTS"/><property name="java.class.version" value="55.0"/>
    </properties>
                     <testcase classname="SumOfMultiplesTest" name="multiples of 3 or 5 up to 1" time="0.012">
                                                 <failure message="an implementation is missing" type="scala.NotImplementedError">scala.NotImplementedError: an implementation is missing
	at scala.Predef$.$qmark$qmark$qmark(Predef.scala:284)
	at SumOfMultiples$.sum(SumOfMultiples.scala:2)
	at SumOfMultiplesTest.$anonfun$new$1(SumOfMultiplesTest.scala:7)
	at org.scalatest.OutcomeOf.outcomeOf(OutcomeOf.scala:85)
	at org.scalatest.OutcomeOf.outcomeOf$(OutcomeOf.scala:83)
	at org.scalatest.OutcomeOf$.outcomeOf(OutcomeOf.scala:104)
	at org.scalatest.Transformer.apply(Transformer.scala:22)
	at org.scalatest.Transformer.apply(Transformer.scala:20)
	at org.scalatest.FunSuiteLike$$anon$1.apply(FunSuiteLike.scala:186)
	at org.scalatest.TestSuite.withFixture(TestSuite.scala:196)
	at org.scalatest.TestSuite.withFixture$(TestSuite.scala:195)
	at org.scalatest.FunSuite.withFixture(FunSuite.scala:1560)
	at org.scalatest.FunSuiteLike.invokeWithFixture$1(FunSuiteLike.scala:184)
	at org.scalatest.FunSuiteLike.$anonfun$runTest$1(FunSuiteLike.scala:196)
	at org.scalatest.SuperEngine.runTestImpl(Engine.scala:289)
	at org.scalatest.FunSuiteLike.runTest(FunSuiteLike.scala:196)
	at org.scalatest.FunSuiteLike.runTest$(FunSuiteLike.scala:178)
	at org.scalatest.FunSuite.runTest(FunSuite.scala:1560)
	at org.scalatest.FunSuiteLike.$anonfun$runTests$1(FunSuiteLike.scala:229)
	at org.scalatest.SuperEngine.$anonfun$runTestsInBranch$1(Engine.scala:396)
	at scala.collection.immutable.List.foreach(List.scala:378)
	at org.scalatest.SuperEngine.traverseSubNodes$1(Engine.scala:384)
	at org.scalatest.SuperEngine.runTestsInBranch(Engine.scala:379)
	at org.scalatest.SuperEngine.runTestsImpl(Engine.scala:461)
	at org.scalatest.FunSuiteLike.runTests(FunSuiteLike.scala:229)
	at org.scalatest.FunSuiteLike.runTests$(FunSuiteLike.scala:228)
	at org.scalatest.FunSuite.runTests(FunSuite.scala:1560)
	at org.scalatest.Suite.run(Suite.scala:1147)
	at org.scalatest.Suite.run$(Suite.scala:1129)
	at org.scalatest.FunSuite.org$scalatest$FunSuiteLike$$super$run(FunSuite.scala:1560)
	at org.scalatest.FunSuiteLike.$anonfun$run$1(FunSuiteLike.scala:233)
	at org.scalatest.SuperEngine.runImpl(Engine.scala:521)
	at org.scalatest.FunSuiteLike.run(FunSuiteLike.scala:233)
	at org.scalatest.FunSuiteLike.run$(FunSuiteLike.scala:232)
	at org.scalatest.FunSuite.run(FunSuite.scala:1560)
	at org.scalatest.tools.Framework.org$scalatest$tools$Framework$$runSuite(Framework.scala:314)
	at org.scalatest.tools.Framework$ScalaTestTask.execute(Framework.scala:507)
	at sbt.TestRunner.runTest$1(TestFramework.scala:113)
	at sbt.TestRunner.run(TestFramework.scala:124)
	at sbt.TestFramework$$anon$2$$anonfun$$lessinit$greater$1.$anonfun$apply$1(TestFramework.scala:282)
	at sbt.TestFramework$.sbt$TestFramework$$withContextLoader(TestFramework.scala:246)
	at sbt.TestFramework$$anon$2$$anonfun$$lessinit$greater$1.apply(TestFramework.scala:282)
	at sbt.TestFramework$$anon$2$$anonfun$$lessinit$greater$1.apply(TestFramework.scala:282)
	at sbt.TestFunction.apply(TestFramework.scala:294)
	at sbt.Tests$.$anonfun$toTask$1(Tests.scala:309)
	at sbt.std.Transform$$anon$3.$anonfun$apply$2(System.scala:46)
	at sbt.std.Transform$$anon$4.work(System.scala:67)
	at sbt.Execute.$anonfun$submit$2(Execute.scala:269)
	at sbt.internal.util.ErrorHandling$.wideConvert(ErrorHandling.scala:16)
	at sbt.Execute.work(Execute.scala:278)
	at sbt.Execute.$anonfun$submit$1(Execute.scala:269)
	at sbt.ConcurrentRestrictions$$anon$4.$anonfun$submitValid$1(ConcurrentRestrictions.scala:178)
	at sbt.CompletionService$$anon$2.call(CompletionService.scala:37)
	at java.base/java.util.concurrent.FutureTask.run(FutureTask.java:264)
	at java.base/java.util.concurrent.Executors$RunnableAdapter.call(Executors.java:515)
	at java.base/java.util.concurrent.FutureTask.run(FutureTask.java:264)
	at java.base/java.util.concurrent.ThreadPoolExecutor.runWorker(ThreadPoolExecutor.java:1128)
	at java.base/java.util.concurrent.ThreadPoolExecutor$Worker.run(ThreadPoolExecutor.java:628)
	at java.base/java.lang.Thread.run(Thread.java:834)
</failure>
                                               </testcase><testcase classname="SumOfMultiplesTest" name="multiples of 3 or 5 up to 4" time="0.0">
                                                 <skipped/>
                                               </testcase><testcase classname="SumOfMultiplesTest" name="multiples of 3 up to 7" time="0.0">
                                                 <skipped/>
                                               </testcase><testcase classname="SumOfMultiplesTest" name="multiples of 3 or 5 up to 10" time="0.0">
                                                 <skipped/>
                                               </testcase><testcase classname="SumOfMultiplesTest" name="multiples of 3 or 5 up to 100" time="0.0">
                                                 <skipped/>
                                               </testcase><testcase classname="SumOfMultiplesTest" name="multiples of 3 or 5 up to 1000" time="0.0">
                                                 <skipped/>
                                               </testcase><testcase classname="SumOfMultiplesTest" name="multiples of 7, 13 or 17 up to 20" time="0.001">
                                                 <skipped/>
                                               </testcase><testcase classname="SumOfMultiplesTest" name="multiples of 4 or 6 up to 15" time="0.001">
                                                 <skipped/>
                                               </testcase><testcase classname="SumOfMultiplesTest" name="multiples of 5, 6 or 8 up to 150" time="0.001">
                                                 <skipped/>
                                               </testcase><testcase classname="SumOfMultiplesTest" name="multiples of 5 or 25 up to 51" time="0.001">
                                                 <skipped/>
                                               </testcase><testcase classname="SumOfMultiplesTest" name="multiples of 43 or 47 up to 10000" time="0.0">
                                                 <skipped/>
                                               </testcase><testcase classname="SumOfMultiplesTest" name="multiples of 1 up to 100" time="0.0">
                                                 <skipped/>
                                               </testcase><testcase classname="SumOfMultiplesTest" name="multiples of an empty list up to 10000" time="0.001">
                                                 <skipped/>
                                               </testcase>
                     <system-out><![CDATA[]]></system-out>
                     <system-err><![CDATA[]]></system-err>
                   </testsuite>